Ready on port 5454
2018-08-06T22:10:05.577Z    $ Wallet 2 = 0.019999999999244
2018-08-06T22:10:05.582Z    $ Wallet 4 = 0.015999999999055
2018-08-06T22:10:05.583Z    $ Wallet 1 = 0.02999999999874
2018-08-06T22:10:05.585Z    $ Main Wallet = 2.820999999996661
2018-08-06T22:10:05.589Z    $ Wallet 3 = 0.018999999999181
2018-08-06T22:10:09.646Z    -------------
2018-08-06T22:10:09.646Z    + Transfer request received
2018-08-06T22:10:09.647Z    * Select wallet
2018-08-06T22:10:09.647Z    * Main Wallet : 2.820999999996661 : true
2018-08-06T22:10:09.648Z    * Wallet 1 : 0.02999999999874 : true
2018-08-06T22:10:09.648Z    * Wallet 2 : 0.019999999999244 : true
2018-08-06T22:10:09.648Z    * Wallet 3 : 0.018999999999181 : true
2018-08-06T22:10:09.648Z    * Wallet 4 : 0.015999999999055 : true
2018-08-06T22:10:09.648Z    # Main Wallet will be use
2018-08-06T22:10:15.263Z    -------------
2018-08-06T22:10:15.263Z    + Transfer request received
2018-08-06T22:10:15.264Z    * Select wallet
2018-08-06T22:10:15.264Z    * Wallet 1 : 0.02999999999874 : true
2018-08-06T22:10:15.264Z    * Wallet 2 : 0.019999999999244 : true
2018-08-06T22:10:15.265Z    * Wallet 3 : 0.018999999999181 : true
2018-08-06T22:10:15.265Z    * Wallet 4 : 0.015999999999055 : true
2018-08-06T22:10:15.265Z    * Main Wallet : 2.820999999996661 : false
2018-08-06T22:10:15.265Z    # Wallet 1 will be use
2018-08-06T22:10:16.165Z    -------------
2018-08-06T22:10:16.166Z    + Transfer request received
2018-08-06T22:10:16.166Z    * Select wallet
2018-08-06T22:10:16.166Z    * Wallet 2 : 0.019999999999244 : true
2018-08-06T22:10:16.166Z    * Wallet 3 : 0.018999999999181 : true
2018-08-06T22:10:16.167Z    * Wallet 4 : 0.015999999999055 : true
2018-08-06T22:10:16.167Z    * Wallet 1 : 0.02999999999874 : false
2018-08-06T22:10:16.167Z    * Main Wallet : 2.820999999996661 : false
2018-08-06T22:10:16.168Z    # Wallet 2 will be use
2018-08-06T22:10:16.908Z    -------------
2018-08-06T22:10:16.909Z    + Transfer request received
2018-08-06T22:10:16.909Z    * Select wallet
2018-08-06T22:10:16.910Z    * Wallet 3 : 0.018999999999181 : true
2018-08-06T22:10:16.910Z    * Wallet 4 : 0.015999999999055 : true
2018-08-06T22:10:16.910Z    * Wallet 2 : 0.019999999999244 : false
2018-08-06T22:10:16.910Z    * Wallet 1 : 0.02999999999874 : false
2018-08-06T22:10:16.910Z    * Main Wallet : 2.820999999996661 : false
2018-08-06T22:10:16.910Z    # Wallet 3 will be use
2018-08-06T22:10:17.760Z    -------------
2018-08-06T22:10:17.760Z    + Transfer request received
2018-08-06T22:10:17.760Z    * Select wallet
2018-08-06T22:10:17.760Z    * Wallet 4 : 0.015999999999055 : true
2018-08-06T22:10:17.761Z    * Wallet 3 : 0.018999999999181 : false
2018-08-06T22:10:17.761Z    * Wallet 2 : 0.019999999999244 : false
2018-08-06T22:10:17.761Z    * Wallet 1 : 0.02999999999874 : false
2018-08-06T22:10:17.761Z    * Main Wallet : 2.820999999996661 : false
2018-08-06T22:10:17.761Z    # Wallet 4 will be use
2018-08-06T22:10:19.046Z    -------------
2018-08-06T22:10:19.046Z    + Transfer request received
2018-08-06T22:10:19.047Z    * Select wallet
2018-08-06T22:10:19.047Z    * Wallet 4 : 0.015999999999055 : false
2018-08-06T22:10:19.047Z    * Wallet 3 : 0.018999999999181 : false
2018-08-06T22:10:19.047Z    * Wallet 2 : 0.019999999999244 : false
2018-08-06T22:10:19.047Z    * Wallet 1 : 0.02999999999874 : false
2018-08-06T22:10:19.048Z    * Main Wallet : 2.820999999996661 : false
2018-08-06T22:10:19.048Z    request denied, all wallets are busy.
2018-08-06T22:10:20.482Z    -------------
2018-08-06T22:10:20.482Z    + Transfer request received
2018-08-06T22:10:20.482Z    * Select wallet
2018-08-06T22:10:20.483Z    * Wallet 4 : 0.015999999999055 : false
2018-08-06T22:10:20.483Z    * Wallet 3 : 0.018999999999181 : false
2018-08-06T22:10:20.483Z    * Wallet 2 : 0.019999999999244 : false
2018-08-06T22:10:20.483Z    * Wallet 1 : 0.02999999999874 : false
2018-08-06T22:10:20.483Z    * Main Wallet : 2.820999999996661 : false
2018-08-06T22:10:20.483Z    request denied, all wallets are busy.
2018-08-06T22:11:12.500Z    ---
2018-08-06T22:11:12.501Z    > Main Wallet -> Receiver - 0.001
2018-08-06T22:11:12.545Z    ---
2018-08-06T22:11:12.546Z    > Wallet 4 -> Receiver - 0.001
2018-08-06T22:11:12.705Z    ---
2018-08-06T22:11:12.705Z    > Wallet 3 -> Receiver - 0.001
2018-08-06T22:11:12.907Z    $ Wallet 1 = 0.028999999998677
2018-08-06T22:11:12.920Z    $ Main Wallet = 2.819999999996598
2018-08-06T22:11:12.921Z    $ Wallet 3 = 0.017999999999118
2018-08-06T22:11:12.928Z    $ Wallet 2 = 0.018999999999181
2018-08-06T22:11:12.930Z    $ Wallet 4 = 0.014999999998992
2018-08-06T22:11:12.942Z    $ Wallet 2 = 0.018999999999181
2018-08-06T22:11:12.950Z    $ Wallet 4 = 0.014999999998992
2018-08-06T22:11:12.958Z    $ Wallet 1 = 0.028999999998677
2018-08-06T22:11:12.963Z    $ Wallet 3 = 0.017999999999118
2018-08-06T22:11:12.968Z    $ Main Wallet = 2.819999999996598
2018-08-06T22:11:12.999Z    ---
2018-08-06T22:11:12.999Z    > Wallet 2 -> Receiver - 0.001
2018-08-06T22:11:13.079Z    ---
2018-08-06T22:11:13.079Z    > Wallet 1 -> Receiver - 0.001
2018-08-06T22:11:13.099Z    $ Wallet 3 = 0.017999999999118
2018-08-06T22:11:13.100Z    $ Wallet 2 = 0.018999999999181
2018-08-06T22:11:13.112Z    $ Wallet 1 = 0.028999999998677
2018-08-06T22:11:13.118Z    $ Main Wallet = 2.819999999996598
2018-08-06T22:11:13.120Z    $ Wallet 4 = 0.014999999998992
2018-08-06T22:11:13.393Z    $ Main Wallet = 2.819999999996598
2018-08-06T22:11:13.396Z    $ Wallet 2 = 0.018999999999181
2018-08-06T22:11:13.408Z    $ Wallet 1 = 0.028999999998677
2018-08-06T22:11:13.414Z    $ Wallet 3 = 0.017999999999118
2018-08-06T22:11:13.431Z    $ Wallet 4 = 0.014999999998992
2018-08-06T22:11:13.478Z    $ Wallet 1 = 0.028999999998677
2018-08-06T22:11:13.494Z    $ Wallet 4 = 0.014999999998992
2018-08-06T22:11:13.498Z    $ Wallet 3 = 0.017999999999118
2018-08-06T22:11:13.504Z    $ Wallet 2 = 0.018999999999181
2018-08-06T22:11:13.515Z    $ Main Wallet = 2.819999999996598
2018-08-06T22:11:29.179Z    -------------
2018-08-06T22:11:29.180Z    + Transfer request received
2018-08-06T22:11:29.180Z    * Select wallet
2018-08-06T22:11:29.181Z    * Main Wallet : 2.819999999996598 : true
2018-08-06T22:11:29.181Z    * Wallet 1 : 0.028999999998677 : true
2018-08-06T22:11:29.182Z    * Wallet 2 : 0.018999999999181 : true
2018-08-06T22:11:29.182Z    * Wallet 3 : 0.017999999999118 : true
2018-08-06T22:11:29.182Z    * Wallet 4 : 0.014999999998992 : true
2018-08-06T22:11:29.182Z    # Main Wallet will be use
2018-08-06T22:11:32.204Z    -------------
2018-08-06T22:11:32.204Z    + Transfer request received
2018-08-06T22:11:32.204Z    * Select wallet
2018-08-06T22:11:32.204Z    * Wallet 1 : 0.028999999998677 : true
2018-08-06T22:11:32.204Z    * Wallet 2 : 0.018999999999181 : true
2018-08-06T22:11:32.205Z    * Wallet 3 : 0.017999999999118 : true
2018-08-06T22:11:32.205Z    * Wallet 4 : 0.014999999998992 : true
2018-08-06T22:11:32.205Z    * Main Wallet : 2.819999999996598 : false
2018-08-06T22:11:32.205Z    # Wallet 1 will be use
2018-08-06T22:11:33.650Z    -------------
2018-08-06T22:11:33.651Z    + Transfer request received
2018-08-06T22:11:33.651Z    * Select wallet
2018-08-06T22:11:33.651Z    * Wallet 2 : 0.018999999999181 : true
2018-08-06T22:11:33.651Z    * Wallet 3 : 0.017999999999118 : true
2018-08-06T22:11:33.651Z    * Wallet 4 : 0.014999999998992 : true
2018-08-06T22:11:33.652Z    * Wallet 1 : 0.028999999998677 : false
2018-08-06T22:11:33.652Z    * Main Wallet : 2.819999999996598 : false
2018-08-06T22:11:33.652Z    # Wallet 2 will be use
2018-08-06T22:11:35.078Z    -------------
2018-08-06T22:11:35.079Z    + Transfer request received
2018-08-06T22:11:35.079Z    * Select wallet
2018-08-06T22:11:35.079Z    * Wallet 3 : 0.017999999999118 : true
2018-08-06T22:11:35.079Z    * Wallet 4 : 0.014999999998992 : true
2018-08-06T22:11:35.079Z    * Wallet 2 : 0.018999999999181 : false
2018-08-06T22:11:35.079Z    * Wallet 1 : 0.028999999998677 : false
2018-08-06T22:11:35.080Z    * Main Wallet : 2.819999999996598 : false
2018-08-06T22:11:35.080Z    # Wallet 3 will be use
2018-08-06T22:11:36.315Z    -------------
2018-08-06T22:11:36.315Z    + Transfer request received
2018-08-06T22:11:36.316Z    * Select wallet
2018-08-06T22:11:36.316Z    * Wallet 4 : 0.014999999998992 : true
2018-08-06T22:11:36.316Z    * Wallet 3 : 0.017999999999118 : false
2018-08-06T22:11:36.316Z    * Wallet 2 : 0.018999999999181 : false
2018-08-06T22:11:36.316Z    * Wallet 1 : 0.028999999998677 : false
2018-08-06T22:11:36.317Z    * Main Wallet : 2.819999999996598 : false
2018-08-06T22:11:36.317Z    # Wallet 4 will be use
2018-08-06T22:12:02.904Z    ---
2018-08-06T22:12:02.905Z    > Main Wallet -> Receiver - 0.001
2018-08-06T22:12:03.054Z    ---
2018-08-06T22:12:03.054Z    > Wallet 4 -> Receiver - 0.001
2018-08-06T22:12:03.320Z    $ Wallet 2 = 0.017999999999118
2018-08-06T22:12:03.321Z    $ Main Wallet = 2.818999999996535
2018-08-06T22:12:03.322Z    $ Wallet 3 = 0.016999999999055
2018-08-06T22:12:03.323Z    $ Wallet 4 = 0.013999999998929
2018-08-06T22:12:03.328Z    $ Wallet 1 = 0.027999999998614
2018-08-06T22:12:03.468Z    $ Wallet 3 = 0.016999999999055
2018-08-06T22:12:03.471Z    $ Main Wallet = 2.818999999996535
2018-08-06T22:12:03.472Z    $ Wallet 2 = 0.017999999999118
2018-08-06T22:12:03.475Z    $ Wallet 1 = 0.027999999998614
2018-08-06T22:12:03.476Z    $ Wallet 4 = 0.013999999998929
2018-08-06T22:12:03.825Z    ---
2018-08-06T22:12:03.825Z    > Wallet 2 -> Receiver - 0.001
2018-08-06T22:12:03.857Z    ---
2018-08-06T22:12:03.857Z    > Wallet 3 -> Receiver - 0.001
2018-08-06T22:12:03.907Z    ---
2018-08-06T22:12:03.907Z    > Wallet 1 -> Receiver - 0.001
2018-08-06T22:12:04.240Z    $ Wallet 1 = 0.027999999998614
2018-08-06T22:12:04.243Z    $ Wallet 2 = 0.017999999999118
2018-08-06T22:12:04.248Z    $ Wallet 3 = 0.016999999999055
2018-08-06T22:12:04.250Z    $ Main Wallet = 2.818999999996535
2018-08-06T22:12:04.253Z    $ Wallet 4 = 0.013999999998929
2018-08-06T22:12:04.285Z    $ Wallet 4 = 0.013999999998929
2018-08-06T22:12:04.291Z    $ Wallet 1 = 0.027999999998614
2018-08-06T22:12:04.292Z    $ Main Wallet = 2.818999999996535
2018-08-06T22:12:04.296Z    $ Wallet 3 = 0.016999999999055
2018-08-06T22:12:04.297Z    $ Wallet 2 = 0.017999999999118
2018-08-06T22:12:04.320Z    $ Wallet 1 = 0.027999999998614
2018-08-06T22:12:04.322Z    $ Wallet 3 = 0.016999999999055
2018-08-06T22:12:04.324Z    $ Wallet 4 = 0.013999999998929
2018-08-06T22:12:04.330Z    $ Main Wallet = 2.818999999996535
2018-08-06T22:12:04.353Z    $ Wallet 2 = 0.017999999999118
2018-08-06T22:12:19.658Z    -------------
2018-08-06T22:12:19.658Z    + Transfer request received
2018-08-06T22:12:19.659Z    * Select wallet
2018-08-06T22:12:19.659Z    * Main Wallet : 2.818999999996535 : true
2018-08-06T22:12:19.659Z    * Wallet 1 : 0.027999999998614 : true
2018-08-06T22:12:19.659Z    * Wallet 2 : 0.017999999999118 : true
2018-08-06T22:12:19.659Z    * Wallet 3 : 0.016999999999055 : true
2018-08-06T22:12:19.659Z    * Wallet 4 : 0.013999999998929 : true
2018-08-06T22:12:19.660Z    # Main Wallet will be use
2018-08-06T22:12:25.683Z    -------------
2018-08-06T22:12:25.684Z    + Transfer request received
2018-08-06T22:12:25.684Z    * Select wallet
2018-08-06T22:12:25.684Z    * Wallet 1 : 0.027999999998614 : true
2018-08-06T22:12:25.684Z    * Wallet 2 : 0.017999999999118 : true
2018-08-06T22:12:25.684Z    * Wallet 3 : 0.016999999999055 : true
2018-08-06T22:12:25.684Z    * Wallet 4 : 0.013999999998929 : true
2018-08-06T22:12:25.685Z    * Main Wallet : 2.818999999996535 : false
2018-08-06T22:12:25.685Z    # Wallet 1 will be use
2018-08-06T22:12:27.219Z    -------------
2018-08-06T22:12:27.219Z    + Transfer request received
2018-08-06T22:12:27.219Z    * Select wallet
2018-08-06T22:12:27.220Z    * Wallet 2 : 0.017999999999118 : true
2018-08-06T22:12:27.220Z    * Wallet 3 : 0.016999999999055 : true
2018-08-06T22:12:27.220Z    * Wallet 4 : 0.013999999998929 : true
2018-08-06T22:12:27.220Z    * Wallet 1 : 0.027999999998614 : false
2018-08-06T22:12:27.220Z    * Main Wallet : 2.818999999996535 : false
2018-08-06T22:12:27.221Z    # Wallet 2 will be use
2018-08-06T22:12:28.506Z    -------------
2018-08-06T22:12:28.506Z    + Transfer request received
2018-08-06T22:12:28.507Z    * Select wallet
2018-08-06T22:12:28.507Z    * Wallet 3 : 0.016999999999055 : true
2018-08-06T22:12:28.507Z    * Wallet 4 : 0.013999999998929 : true
2018-08-06T22:12:28.508Z    * Wallet 2 : 0.017999999999118 : false
2018-08-06T22:12:28.508Z    * Wallet 1 : 0.027999999998614 : false
2018-08-06T22:12:28.508Z    * Main Wallet : 2.818999999996535 : false
2018-08-06T22:12:28.508Z    # Wallet 3 will be use
2018-08-06T22:12:30.700Z    -------------
2018-08-06T22:12:30.700Z    + Transfer request received
2018-08-06T22:12:30.700Z    * Select wallet
2018-08-06T22:12:30.700Z    * Wallet 4 : 0.013999999998929 : true
2018-08-06T22:12:30.701Z    * Wallet 3 : 0.016999999999055 : false
2018-08-06T22:12:30.701Z    * Wallet 2 : 0.017999999999118 : false
2018-08-06T22:12:30.701Z    * Wallet 1 : 0.027999999998614 : false
2018-08-06T22:12:30.701Z    * Main Wallet : 2.818999999996535 : false
2018-08-06T22:12:30.701Z    # Wallet 4 will be use
2018-08-06T22:12:32.245Z    -------------
2018-08-06T22:12:32.245Z    + Transfer request received
2018-08-06T22:12:32.245Z    * Select wallet
2018-08-06T22:12:32.246Z    * Wallet 4 : 0.013999999998929 : false
2018-08-06T22:12:32.246Z    * Wallet 3 : 0.016999999999055 : false
2018-08-06T22:12:32.246Z    * Wallet 2 : 0.017999999999118 : false
2018-08-06T22:12:32.246Z    * Wallet 1 : 0.027999999998614 : false
2018-08-06T22:12:32.246Z    * Main Wallet : 2.818999999996535 : false
2018-08-06T22:12:32.247Z    request denied, all wallets are busy.
2018-08-06T22:12:52.460Z    ---
2018-08-06T22:12:52.461Z    > Main Wallet -> Receiver - 0.001
2018-08-06T22:12:52.883Z    $ Wallet 4 = 0.012999999998866
2018-08-06T22:12:52.885Z    $ Wallet 2 = 0.016999999999055
2018-08-06T22:12:52.887Z    $ Wallet 3 = 0.015999999998992
2018-08-06T22:12:52.893Z    $ Wallet 1 = 0.026999999998551
2018-08-06T22:12:52.972Z    $ Main Wallet = 2.817999999996472
2018-08-06T22:12:52.987Z    ---
2018-08-06T22:12:52.987Z    > Wallet 2 -> Receiver - 0.001
2018-08-06T22:12:53.243Z    ---
2018-08-06T22:12:53.244Z    > Wallet 3 -> Receiver - 0.001
2018-08-06T22:12:53.372Z    ---
2018-08-06T22:12:53.372Z    > Wallet 1 -> Receiver - 0.001
2018-08-06T22:12:53.394Z    $ Wallet 4 = 0.012999999998866
2018-08-06T22:12:53.400Z    $ Wallet 3 = 0.015999999998992
2018-08-06T22:12:53.401Z    $ Wallet 2 = 0.016999999999055
2018-08-06T22:12:53.402Z    $ Main Wallet = 2.817999999996472
2018-08-06T22:12:53.410Z    $ Wallet 1 = 0.026999999998551
2018-08-06T22:12:53.420Z    ---
2018-08-06T22:12:53.420Z    > Wallet 4 -> Receiver - 0.001
2018-08-06T22:12:53.659Z    $ Main Wallet = 2.817999999996472
2018-08-06T22:12:53.661Z    $ Wallet 2 = 0.016999999999055
2018-08-06T22:12:53.662Z    $ Wallet 4 = 0.012999999998866
2018-08-06T22:12:53.667Z    $ Wallet 3 = 0.015999999998992
2018-08-06T22:12:53.670Z    $ Wallet 1 = 0.026999999998551
2018-08-06T22:12:53.786Z    $ Wallet 3 = 0.015999999998992
2018-08-06T22:12:53.795Z    $ Wallet 2 = 0.016999999999055
2018-08-06T22:12:53.796Z    $ Wallet 1 = 0.026999999998551
2018-08-06T22:12:53.801Z    $ Main Wallet = 2.817999999996472
2018-08-06T22:12:53.821Z    $ Wallet 4 = 0.012999999998866
2018-08-06T22:12:53.826Z    $ Wallet 2 = 0.016999999999055
2018-08-06T22:12:53.830Z    $ Wallet 3 = 0.015999999998992
2018-08-06T22:12:53.833Z    $ Wallet 4 = 0.012999999998866
2018-08-06T22:12:53.835Z    $ Main Wallet = 2.817999999996472
2018-08-06T22:12:53.854Z    $ Wallet 1 = 0.026999999998551
2018-08-06T22:13:08.566Z    -------------
2018-08-06T22:13:08.566Z    + Transfer request received
2018-08-06T22:13:08.566Z    * Select wallet
2018-08-06T22:13:08.566Z    * Main Wallet : 2.817999999996472 : true
2018-08-06T22:13:08.567Z    * Wallet 1 : 0.026999999998551 : true
2018-08-06T22:13:08.567Z    * Wallet 2 : 0.016999999999055 : true
2018-08-06T22:13:08.567Z    * Wallet 3 : 0.015999999998992 : true
2018-08-06T22:13:08.567Z    * Wallet 4 : 0.012999999998866 : true
2018-08-06T22:13:08.567Z    # Main Wallet will be use
2018-08-06T22:13:16.301Z    -------------
2018-08-06T22:13:16.301Z    + Transfer request received
2018-08-06T22:13:16.301Z    * Select wallet
2018-08-06T22:13:16.301Z    * Wallet 1 : 0.026999999998551 : true
2018-08-06T22:13:16.301Z    * Wallet 2 : 0.016999999999055 : true
2018-08-06T22:13:16.302Z    * Wallet 3 : 0.015999999998992 : true
2018-08-06T22:13:16.302Z    * Wallet 4 : 0.012999999998866 : true
2018-08-06T22:13:16.302Z    * Main Wallet : 2.817999999996472 : false
2018-08-06T22:13:16.302Z    # Wallet 1 will be use
2018-08-06T22:13:19.696Z    -------------
2018-08-06T22:13:19.696Z    + Transfer request received
2018-08-06T22:13:19.696Z    * Select wallet
2018-08-06T22:13:19.696Z    * Wallet 2 : 0.016999999999055 : true
2018-08-06T22:13:19.696Z    * Wallet 3 : 0.015999999998992 : true
2018-08-06T22:13:19.696Z    * Wallet 4 : 0.012999999998866 : true
2018-08-06T22:13:19.697Z    * Wallet 1 : 0.026999999998551 : false
2018-08-06T22:13:19.697Z    * Main Wallet : 2.817999999996472 : false
2018-08-06T22:13:19.697Z    # Wallet 2 will be use
2018-08-06T22:13:22.819Z    -------------
2018-08-06T22:13:22.819Z    + Transfer request received
2018-08-06T22:13:22.819Z    * Select wallet
2018-08-06T22:13:22.820Z    * Wallet 3 : 0.015999999998992 : true
2018-08-06T22:13:22.820Z    * Wallet 4 : 0.012999999998866 : true
2018-08-06T22:13:22.820Z    * Wallet 2 : 0.016999999999055 : false
2018-08-06T22:13:22.820Z    * Wallet 1 : 0.026999999998551 : false
2018-08-06T22:13:22.820Z    * Main Wallet : 2.817999999996472 : false
2018-08-06T22:13:22.820Z    # Wallet 3 will be use
2018-08-06T22:13:29.904Z    -------------
2018-08-06T22:13:29.904Z    + Transfer request received
2018-08-06T22:13:29.904Z    * Select wallet
2018-08-06T22:13:29.905Z    * Wallet 4 : 0.012999999998866 : true
2018-08-06T22:13:29.905Z    * Wallet 3 : 0.015999999998992 : false
2018-08-06T22:13:29.905Z    * Wallet 2 : 0.016999999999055 : false
2018-08-06T22:13:29.905Z    * Wallet 1 : 0.026999999998551 : false
2018-08-06T22:13:29.905Z    * Main Wallet : 2.817999999996472 : false
2018-08-06T22:13:29.905Z    # Wallet 4 will be use
2018-08-06T22:13:32.825Z    -------------
2018-08-06T22:13:32.825Z    + Transfer request received
2018-08-06T22:13:32.825Z    * Select wallet
2018-08-06T22:13:32.825Z    * Wallet 4 : 0.012999999998866 : false
2018-08-06T22:13:32.825Z    * Wallet 3 : 0.015999999998992 : false
2018-08-06T22:13:32.826Z    * Wallet 2 : 0.016999999999055 : false
2018-08-06T22:13:32.826Z    * Wallet 1 : 0.026999999998551 : false
2018-08-06T22:13:32.826Z    * Main Wallet : 2.817999999996472 : false
2018-08-06T22:13:32.826Z    request denied, all wallets are busy.
2018-08-06T22:13:49.992Z    ---
2018-08-06T22:13:49.993Z    > Wallet 1 -> Receiver - 0.001
2018-08-06T22:13:50.294Z    ---
2018-08-06T22:13:50.295Z    > Main Wallet -> Receiver - 0.001
2018-08-06T22:13:50.351Z    ---
2018-08-06T22:13:50.351Z    > Wallet 2 -> Receiver - 0.001
2018-08-06T22:13:50.390Z    $ Wallet 2 = 0.015999999998992
2018-08-06T22:13:50.398Z    $ Wallet 4 = 0.012999999998866
2018-08-06T22:13:50.399Z    $ Wallet 3 = 0.014999999998929
2018-08-06T22:13:50.401Z    $ Wallet 1 = 0.025999999998488
2018-08-06T22:13:50.405Z    $ Main Wallet = 2.816999999996409
2018-08-06T22:13:50.496Z    ---
2018-08-06T22:13:50.496Z    > Wallet 3 -> Receiver - 0.001
2018-08-06T22:13:50.696Z    $ Wallet 4 = 0.012999999998866
2018-08-06T22:13:50.696Z    $ Wallet 1 = 0.025999999998488
2018-08-06T22:13:50.697Z    $ Main Wallet = 2.816999999996409
2018-08-06T22:13:50.700Z    $ Wallet 2 = 0.015999999998992
2018-08-06T22:13:50.746Z    $ Wallet 3 = 0.014999999998929
2018-08-06T22:13:50.748Z    $ Wallet 4 = 0.012999999998866
2018-08-06T22:13:50.753Z    $ Main Wallet = 2.816999999996409
2018-08-06T22:13:50.759Z    $ Wallet 3 = 0.014999999998929
2018-08-06T22:13:50.764Z    $ Wallet 1 = 0.025999999998488
2018-08-06T22:13:50.771Z    $ Wallet 2 = 0.015999999998992
2018-08-06T22:13:50.902Z    $ Wallet 3 = 0.014999999998929
2018-08-06T22:13:50.903Z    $ Main Wallet = 2.816999999996409
2018-08-06T22:13:50.905Z    $ Wallet 2 = 0.015999999998992
2018-08-06T22:13:50.908Z    $ Wallet 1 = 0.025999999998488
2018-08-06T22:13:50.920Z    $ Wallet 4 = 0.012999999998866
2018-08-06T22:13:57.558Z    ---
2018-08-06T22:13:57.559Z    > Wallet 4 -> Receiver - 0.001
2018-08-06T22:13:57.953Z    $ Main Wallet = 2.816999999996409
2018-08-06T22:13:57.957Z    $ Wallet 2 = 0.015999999998992
2018-08-06T22:13:57.964Z    $ Wallet 4 = 0.011999999998803
2018-08-06T22:13:57.965Z    $ Wallet 3 = 0.014999999998929
2018-08-06T22:13:57.974Z    $ Wallet 1 = 0.025999999998488
2018-08-06T22:14:09.712Z    -------------
2018-08-06T22:14:09.712Z    + Transfer request received
2018-08-06T22:14:09.713Z    * Select wallet
2018-08-06T22:14:09.713Z    * Main Wallet : 2.816999999996409 : true
2018-08-06T22:14:09.713Z    * Wallet 1 : 0.025999999998488 : true
2018-08-06T22:14:09.713Z    * Wallet 2 : 0.015999999998992 : true
2018-08-06T22:14:09.713Z    * Wallet 3 : 0.014999999998929 : true
2018-08-06T22:14:09.714Z    * Wallet 4 : 0.011999999998803 : true
2018-08-06T22:14:09.714Z    # Main Wallet will be use
2018-08-06T22:14:13.252Z    -------------
2018-08-06T22:14:13.252Z    + Transfer request received
2018-08-06T22:14:13.253Z    * Select wallet
2018-08-06T22:14:13.253Z    * Wallet 1 : 0.025999999998488 : true
2018-08-06T22:14:13.253Z    * Wallet 2 : 0.015999999998992 : true
2018-08-06T22:14:13.253Z    * Wallet 3 : 0.014999999998929 : true
2018-08-06T22:14:13.253Z    * Wallet 4 : 0.011999999998803 : true
2018-08-06T22:14:13.253Z    * Main Wallet : 2.816999999996409 : false
2018-08-06T22:14:13.254Z    # Wallet 1 will be use
2018-08-06T22:14:14.737Z    -------------
2018-08-06T22:14:14.737Z    + Transfer request received
2018-08-06T22:14:14.737Z    * Select wallet
2018-08-06T22:14:14.737Z    * Wallet 2 : 0.015999999998992 : true
2018-08-06T22:14:14.737Z    * Wallet 3 : 0.014999999998929 : true
2018-08-06T22:14:14.738Z    * Wallet 4 : 0.011999999998803 : true
2018-08-06T22:14:14.738Z    * Wallet 1 : 0.025999999998488 : false
2018-08-06T22:14:14.738Z    * Main Wallet : 2.816999999996409 : false
2018-08-06T22:14:14.738Z    # Wallet 2 will be use
2018-08-06T22:14:16.499Z    -------------
2018-08-06T22:14:16.500Z    + Transfer request received
2018-08-06T22:14:16.500Z    * Select wallet
2018-08-06T22:14:16.501Z    * Wallet 3 : 0.014999999998929 : true
2018-08-06T22:14:16.501Z    * Wallet 4 : 0.011999999998803 : true
2018-08-06T22:14:16.501Z    * Wallet 2 : 0.015999999998992 : false
2018-08-06T22:14:16.501Z    * Wallet 1 : 0.025999999998488 : false
2018-08-06T22:14:16.502Z    * Main Wallet : 2.816999999996409 : false
2018-08-06T22:14:16.502Z    # Wallet 3 will be use
2018-08-06T22:14:18.663Z    -------------
2018-08-06T22:14:18.663Z    + Transfer request received
2018-08-06T22:14:18.663Z    * Select wallet
2018-08-06T22:14:18.664Z    * Wallet 4 : 0.011999999998803 : true
2018-08-06T22:14:18.664Z    * Wallet 3 : 0.014999999998929 : false
2018-08-06T22:14:18.664Z    * Wallet 2 : 0.015999999998992 : false
2018-08-06T22:14:18.664Z    * Wallet 1 : 0.025999999998488 : false
2018-08-06T22:14:18.664Z    * Main Wallet : 2.816999999996409 : false
2018-08-06T22:14:18.664Z    # Wallet 4 will be use
2018-08-06T22:14:21.216Z    -------------
2018-08-06T22:14:21.216Z    + Transfer request received
2018-08-06T22:14:21.216Z    * Select wallet
2018-08-06T22:14:21.217Z    * Wallet 4 : 0.011999999998803 : false
2018-08-06T22:14:21.217Z    * Wallet 3 : 0.014999999998929 : false
2018-08-06T22:14:21.217Z    * Wallet 2 : 0.015999999998992 : false
2018-08-06T22:14:21.217Z    * Wallet 1 : 0.025999999998488 : false
2018-08-06T22:14:21.217Z    * Main Wallet : 2.816999999996409 : false
2018-08-06T22:14:21.217Z    request denied, all wallets are busy.
2018-08-06T22:14:33.316Z    ---
2018-08-06T22:14:33.316Z    > Wallet 4 -> Receiver - 0.001
2018-08-06T22:14:33.721Z    $ Wallet 3 = 0.013999999998866
2018-08-06T22:14:33.722Z    $ Main Wallet = 2.815999999996346
2018-08-06T22:14:33.722Z    $ Wallet 2 = 0.014999999998929
2018-08-06T22:14:33.723Z    $ Wallet 4 = 0.01099999999874
2018-08-06T22:14:33.832Z    $ Wallet 1 = 0.024999999998425
2018-08-06T22:14:33.933Z    ---
2018-08-06T22:14:33.933Z    > Wallet 1 -> Receiver - 0.001
2018-08-06T22:14:34.161Z    ---
2018-08-06T22:14:34.161Z    > Wallet 3 -> Receiver - 0.001
2018-08-06T22:14:34.330Z    $ Wallet 3 = 0.013999999998866
2018-08-06T22:14:34.334Z    $ Main Wallet = 2.815999999996346
2018-08-06T22:14:34.340Z    $ Wallet 2 = 0.014999999998929
2018-08-06T22:14:34.341Z    $ Wallet 1 = 0.024999999998425
2018-08-06T22:14:34.343Z    $ Wallet 4 = 0.01099999999874
2018-08-06T22:14:34.388Z    ---
2018-08-06T22:14:34.388Z    > Main Wallet -> Receiver - 0.001
2018-08-06T22:14:34.396Z    ---
2018-08-06T22:14:34.396Z    > Wallet 2 -> Receiver - 0.001
2018-08-06T22:14:34.556Z    $ Wallet 3 = 0.013999999998866
2018-08-06T22:14:34.566Z    $ Wallet 2 = 0.014999999998929
2018-08-06T22:14:34.567Z    $ Wallet 1 = 0.024999999998425
2018-08-06T22:14:34.569Z    $ Wallet 4 = 0.01099999999874
2018-08-06T22:14:34.572Z    $ Main Wallet = 2.815999999996346
2018-08-06T22:14:34.783Z    $ Wallet 2 = 0.014999999998929
2018-08-06T22:14:34.787Z    $ Wallet 3 = 0.013999999998866
2018-08-06T22:14:34.791Z    $ Wallet 1 = 0.024999999998425
2018-08-06T22:14:34.792Z    $ Wallet 2 = 0.014999999998929
2018-08-06T22:14:34.793Z    $ Main Wallet = 2.815999999996346
2018-08-06T22:14:34.797Z    $ Wallet 4 = 0.01099999999874
2018-08-06T22:14:34.798Z    $ Main Wallet = 2.815999999996346
2018-08-06T22:14:34.800Z    $ Wallet 4 = 0.01099999999874
2018-08-06T22:14:34.801Z    $ Wallet 1 = 0.024999999998425
2018-08-06T22:14:34.802Z    $ Wallet 3 = 0.013999999998866
2018-08-06T22:15:19.996Z    -------------
2018-08-06T22:15:19.997Z    + Transfer request received
2018-08-06T22:15:19.998Z    * Select wallet
2018-08-06T22:15:19.998Z    * Main Wallet : 2.815999999996346 : true
2018-08-06T22:15:19.998Z    * Wallet 1 : 0.024999999998425 : true
2018-08-06T22:15:19.998Z    * Wallet 2 : 0.014999999998929 : true
2018-08-06T22:15:19.998Z    * Wallet 3 : 0.013999999998866 : true
2018-08-06T22:15:19.998Z    * Wallet 4 : 0.01099999999874 : true
2018-08-06T22:15:19.998Z    # Main Wallet will be use
2018-08-06T22:15:24.280Z    -------------
2018-08-06T22:15:24.280Z    + Transfer request received
2018-08-06T22:15:24.281Z    * Select wallet
2018-08-06T22:15:24.281Z    * Wallet 1 : 0.024999999998425 : true
2018-08-06T22:15:24.281Z    * Wallet 2 : 0.014999999998929 : true
2018-08-06T22:15:24.281Z    * Wallet 3 : 0.013999999998866 : true
2018-08-06T22:15:24.282Z    * Wallet 4 : 0.01099999999874 : true
2018-08-06T22:15:24.282Z    * Main Wallet : 2.815999999996346 : false
2018-08-06T22:15:24.282Z    # Wallet 1 will be use
2018-08-06T22:15:25.280Z    -------------
2018-08-06T22:15:25.280Z    + Transfer request received
2018-08-06T22:15:25.280Z    * Select wallet
2018-08-06T22:15:25.280Z    * Wallet 2 : 0.014999999998929 : true
2018-08-06T22:15:25.280Z    * Wallet 3 : 0.013999999998866 : true
2018-08-06T22:15:25.281Z    * Wallet 4 : 0.01099999999874 : true
2018-08-06T22:15:25.281Z    * Wallet 1 : 0.024999999998425 : false
2018-08-06T22:15:25.281Z    * Main Wallet : 2.815999999996346 : false
2018-08-06T22:15:25.281Z    # Wallet 2 will be use
2018-08-06T22:15:26.151Z    -------------
2018-08-06T22:15:26.151Z    + Transfer request received
2018-08-06T22:15:26.152Z    * Select wallet
2018-08-06T22:15:26.152Z    * Wallet 3 : 0.013999999998866 : true
2018-08-06T22:15:26.152Z    * Wallet 4 : 0.01099999999874 : true
2018-08-06T22:15:26.152Z    * Wallet 2 : 0.014999999998929 : false
2018-08-06T22:15:26.152Z    * Wallet 1 : 0.024999999998425 : false
2018-08-06T22:15:26.152Z    * Main Wallet : 2.815999999996346 : false
2018-08-06T22:15:26.152Z    # Wallet 3 will be use
2018-08-06T22:15:27.134Z    -------------
2018-08-06T22:15:27.134Z    + Transfer request received
2018-08-06T22:15:27.135Z    * Select wallet
2018-08-06T22:15:27.135Z    * Wallet 4 : 0.01099999999874 : true
2018-08-06T22:15:27.135Z    * Wallet 3 : 0.013999999998866 : false
2018-08-06T22:15:27.135Z    * Wallet 2 : 0.014999999998929 : false
2018-08-06T22:15:27.135Z    * Wallet 1 : 0.024999999998425 : false
2018-08-06T22:15:27.135Z    * Main Wallet : 2.815999999996346 : false
2018-08-06T22:15:27.135Z    # Wallet 4 will be use
2018-08-06T22:15:28.912Z    -------------
2018-08-06T22:15:28.913Z    + Transfer request received
2018-08-06T22:15:28.913Z    * Select wallet
2018-08-06T22:15:28.913Z    * Wallet 4 : 0.01099999999874 : false
2018-08-06T22:15:28.914Z    * Wallet 3 : 0.013999999998866 : false
2018-08-06T22:15:28.914Z    * Wallet 2 : 0.014999999998929 : false
2018-08-06T22:15:28.914Z    * Wallet 1 : 0.024999999998425 : false
2018-08-06T22:15:28.915Z    * Main Wallet : 2.815999999996346 : false
2018-08-06T22:15:28.915Z    request denied, all wallets are busy.
2018-08-06T22:16:03.833Z    ---
2018-08-06T22:16:03.833Z    > Main Wallet -> Receiver - 0.001
2018-08-06T22:16:03.841Z    ---
2018-08-06T22:16:03.841Z    > Wallet 3 -> Receiver - 0.001
2018-08-06T22:16:03.869Z    ---
2018-08-06T22:16:03.869Z    > Wallet 4 -> Receiver - 0.001
2018-08-06T22:16:03.948Z    ---
2018-08-06T22:16:03.948Z    > Wallet 2 -> Receiver - 0.001
2018-08-06T22:16:03.979Z    ---
2018-08-06T22:16:03.979Z    > Wallet 1 -> Receiver - 0.001
2018-08-06T22:16:04.246Z    $ Main Wallet = 2.814999999996283
2018-08-06T22:16:04.247Z    $ Wallet 2 = 0.013999999998866
2018-08-06T22:16:04.248Z    $ Wallet 3 = 0.012999999998803
2018-08-06T22:16:04.249Z    $ Wallet 4 = 0.009999999998677
2018-08-06T22:16:04.254Z    !!! Redistribute to Wallet 4 from MainWallet
2018-08-06T22:16:04.255Z    $ Wallet 1 = 0.023999999998362
2018-08-06T22:16:04.256Z    $ Wallet 4 = 0.009999999998677
2018-08-06T22:16:04.257Z    $ Main Wallet = 2.814999999996283
2018-08-06T22:16:04.263Z    $ Wallet 4 = 0.009999999998677
2018-08-06T22:16:04.265Z    $ Wallet 1 = 0.023999999998362
2018-08-06T22:16:04.275Z    $ Wallet 3 = 0.012999999998803
2018-08-06T22:16:04.276Z    $ Main Wallet = 2.814999999996283
2018-08-06T22:16:04.280Z    $ Wallet 2 = 0.013999999998866
2018-08-06T22:16:04.289Z    $ Wallet 2 = 0.013999999998866
2018-08-06T22:16:04.347Z    $ Wallet 4 = 0.009999999998677
2018-08-06T22:16:04.350Z    $ Wallet 2 = 0.013999999998866
2018-08-06T22:16:04.360Z    $ Wallet 3 = 0.012999999998803
2018-08-06T22:16:04.364Z    $ Wallet 1 = 0.023999999998362
2018-08-06T22:16:04.368Z    $ Wallet 1 = 0.023999999998362
2018-08-06T22:16:04.371Z    $ Main Wallet = 2.814999999996283
2018-08-06T22:16:04.376Z    $ Wallet 3 = 0.012999999998803
2018-08-06T22:16:04.379Z    $ Wallet 1 = 0.023999999998362
2018-08-06T22:16:04.399Z    $ Wallet 2 = 0.013999999998866
2018-08-06T22:16:04.400Z    $ Main Wallet = 2.814999999996283
2018-08-06T22:16:04.418Z    $ Wallet 3 = 0.012999999998803
2018-08-06T22:16:04.472Z    $ Wallet 4 = 0.009999999998677
2018-08-06T22:16:35.708Z    $ Wallet 4 = 0.009999999998677
2018-08-06T22:16:36.921Z    ---
2018-08-06T22:16:36.922Z    > Main Wallet -> Wallet 4 - 0.01
2018-08-06T22:16:37.880Z    $ Wallet 4 = 0.019999999998677
2018-08-06T22:16:58.455Z    -------------
2018-08-06T22:16:58.457Z    + Transfer request received
2018-08-06T22:16:58.458Z    * Select wallet
2018-08-06T22:16:58.458Z    * Main Wallet : 2.814999999996283 : true
2018-08-06T22:16:58.458Z    * Wallet 1 : 0.023999999998362 : true
2018-08-06T22:16:58.458Z    * Wallet 4 : 0.019999999998677 : true
2018-08-06T22:16:58.459Z    * Wallet 2 : 0.013999999998866 : true
2018-08-06T22:16:58.459Z    * Wallet 3 : 0.012999999998803 : true
2018-08-06T22:16:58.459Z    # Main Wallet will be use
2018-08-06T22:17:36.147Z    -------------
2018-08-06T22:17:36.147Z    + Transfer request received
2018-08-06T22:17:36.148Z    * Select wallet
2018-08-06T22:17:36.148Z    * Wallet 1 : 0.023999999998362 : true
2018-08-06T22:17:36.148Z    * Wallet 4 : 0.019999999998677 : true
2018-08-06T22:17:36.148Z    * Wallet 2 : 0.013999999998866 : true
2018-08-06T22:17:36.148Z    * Wallet 3 : 0.012999999998803 : true
2018-08-06T22:17:36.149Z    * Main Wallet : 2.814999999996283 : false
2018-08-06T22:17:36.149Z    # Wallet 1 will be use
2018-08-06T22:17:38.755Z    -------------
2018-08-06T22:17:38.755Z    + Transfer request received
2018-08-06T22:17:38.755Z    * Select wallet
2018-08-06T22:17:38.755Z    * Wallet 4 : 0.019999999998677 : true
2018-08-06T22:17:38.756Z    * Wallet 2 : 0.013999999998866 : true
2018-08-06T22:17:38.756Z    * Wallet 3 : 0.012999999998803 : true
2018-08-06T22:17:38.756Z    * Wallet 1 : 0.023999999998362 : false
2018-08-06T22:17:38.756Z    * Main Wallet : 2.814999999996283 : false
2018-08-06T22:17:38.756Z    # Wallet 4 will be use
2018-08-06T22:17:39.721Z    -------------
2018-08-06T22:17:39.722Z    + Transfer request received
2018-08-06T22:17:39.722Z    * Select wallet
2018-08-06T22:17:39.722Z    * Wallet 2 : 0.013999999998866 : true
2018-08-06T22:17:39.722Z    * Wallet 3 : 0.012999999998803 : true
2018-08-06T22:17:39.722Z    * Wallet 4 : 0.019999999998677 : false
2018-08-06T22:17:39.723Z    * Wallet 1 : 0.023999999998362 : false
2018-08-06T22:17:39.723Z    * Main Wallet : 2.814999999996283 : false
2018-08-06T22:17:39.723Z    # Wallet 2 will be use
2018-08-06T22:17:40.599Z    -------------
2018-08-06T22:17:40.599Z    + Transfer request received
2018-08-06T22:17:40.600Z    * Select wallet
2018-08-06T22:17:40.600Z    * Wallet 3 : 0.012999999998803 : true
2018-08-06T22:17:40.600Z    * Wallet 2 : 0.013999999998866 : false
2018-08-06T22:17:40.600Z    * Wallet 4 : 0.019999999998677 : false
2018-08-06T22:17:40.600Z    * Wallet 1 : 0.023999999998362 : false
2018-08-06T22:17:40.600Z    * Main Wallet : 2.814999999996283 : false
2018-08-06T22:17:40.601Z    # Wallet 3 will be use
2018-08-06T22:17:41.612Z    -------------
2018-08-06T22:17:41.613Z    + Transfer request received
2018-08-06T22:17:41.613Z    * Select wallet
2018-08-06T22:17:41.613Z    * Wallet 3 : 0.012999999998803 : false
2018-08-06T22:17:41.613Z    * Wallet 2 : 0.013999999998866 : false
2018-08-06T22:17:41.613Z    * Wallet 4 : 0.019999999998677 : false
2018-08-06T22:17:41.614Z    * Wallet 1 : 0.023999999998362 : false
2018-08-06T22:17:41.614Z    * Main Wallet : 2.814999999996283 : false
2018-08-06T22:17:41.614Z    request denied, all wallets are busy.
2018-08-06T22:17:45.415Z    ---
2018-08-06T22:17:45.415Z    > Main Wallet -> Receiver - 0.001
2018-08-06T22:17:45.848Z    ---
2018-08-06T22:17:45.849Z    > Wallet 1 -> Receiver - 0.001
2018-08-06T22:17:45.888Z    $ Wallet 4 = 0.019999999998677
2018-08-06T22:17:45.889Z    $ Wallet 1 = 0.022999999998299
2018-08-06T22:17:45.890Z    $ Wallet 2 = 0.013999999998866
2018-08-06T22:17:45.891Z    $ Main Wallet = 2.803999999996157
2018-08-06T22:17:45.891Z    $ Wallet 3 = 0.012999999998803
2018-08-06T22:17:46.304Z    $ Wallet 1 = 0.022999999998299
2018-08-06T22:17:46.307Z    $ Wallet 3 = 0.012999999998803
2018-08-06T22:17:46.308Z    $ Wallet 4 = 0.019999999998677
2018-08-06T22:17:46.311Z    $ Main Wallet = 2.803999999996157
2018-08-06T22:17:46.312Z    $ Wallet 2 = 0.013999999998866
2018-08-06T22:17:54.275Z    ---
2018-08-06T22:17:54.275Z    > Wallet 2 -> Receiver - 0.001
2018-08-06T22:17:54.482Z    ---
2018-08-06T22:17:54.483Z    > Wallet 4 -> Receiver - 0.001
2018-08-06T22:17:54.716Z    ---
2018-08-06T22:17:54.716Z    > Wallet 3 -> Receiver - 0.001
2018-08-06T22:17:54.724Z    $ Wallet 4 = 0.018999999998614
2018-08-06T22:17:54.727Z    $ Wallet 3 = 0.01199999999874
2018-08-06T22:17:54.729Z    $ Main Wallet = 2.803999999996157
2018-08-06T22:17:54.731Z    $ Wallet 1 = 0.022999999998299
2018-08-06T22:17:54.735Z    $ Wallet 2 = 0.012999999998803
2018-08-06T22:17:54.931Z    $ Wallet 4 = 0.018999999998614
2018-08-06T22:17:54.933Z    $ Wallet 3 = 0.01199999999874
2018-08-06T22:17:54.939Z    $ Wallet 2 = 0.012999999998803
2018-08-06T22:17:54.941Z    $ Wallet 1 = 0.022999999998299
2018-08-06T22:17:54.950Z    $ Main Wallet = 2.803999999996157
2018-08-06T22:17:55.161Z    $ Wallet 2 = 0.012999999998803
2018-08-06T22:17:55.173Z    $ Main Wallet = 2.803999999996157
2018-08-06T22:17:55.174Z    $ Wallet 4 = 0.018999999998614
2018-08-06T22:17:55.178Z    $ Wallet 3 = 0.01199999999874
2018-08-06T22:17:55.179Z    $ Wallet 1 = 0.022999999998299
2018-08-06T22:18:08.508Z    -------------
2018-08-06T22:18:08.509Z    + Transfer request received
2018-08-06T22:18:08.509Z    * Select wallet
2018-08-06T22:18:08.509Z    * Main Wallet : 2.803999999996157 : true
2018-08-06T22:18:08.509Z    * Wallet 1 : 0.022999999998299 : true
2018-08-06T22:18:08.510Z    * Wallet 4 : 0.018999999998614 : true
2018-08-06T22:18:08.510Z    * Wallet 2 : 0.012999999998803 : true
2018-08-06T22:18:08.510Z    * Wallet 3 : 0.01199999999874 : true
2018-08-06T22:18:08.510Z    # Main Wallet will be use
2018-08-06T22:18:10.475Z    -------------
2018-08-06T22:18:10.475Z    + Transfer request received
2018-08-06T22:18:10.476Z    * Select wallet
2018-08-06T22:18:10.476Z    * Wallet 1 : 0.022999999998299 : true
2018-08-06T22:18:10.476Z    * Wallet 4 : 0.018999999998614 : true
2018-08-06T22:18:10.476Z    * Wallet 2 : 0.012999999998803 : true
2018-08-06T22:18:10.476Z    * Wallet 3 : 0.01199999999874 : true
2018-08-06T22:18:10.476Z    * Main Wallet : 2.803999999996157 : false
2018-08-06T22:18:10.477Z    # Wallet 1 will be use
2018-08-06T22:18:14.271Z    -------------
2018-08-06T22:18:14.272Z    + Transfer request received
2018-08-06T22:18:14.272Z    * Select wallet
2018-08-06T22:18:14.272Z    * Wallet 4 : 0.018999999998614 : true
2018-08-06T22:18:14.272Z    * Wallet 2 : 0.012999999998803 : true
2018-08-06T22:18:14.273Z    * Wallet 3 : 0.01199999999874 : true
2018-08-06T22:18:14.273Z    * Wallet 1 : 0.022999999998299 : false
2018-08-06T22:18:14.273Z    * Main Wallet : 2.803999999996157 : false
2018-08-06T22:18:14.273Z    # Wallet 4 will be use
2018-08-06T22:18:15.532Z    -------------
2018-08-06T22:18:15.532Z    + Transfer request received
2018-08-06T22:18:15.533Z    * Select wallet
2018-08-06T22:18:15.533Z    * Wallet 2 : 0.012999999998803 : true
2018-08-06T22:18:15.533Z    * Wallet 3 : 0.01199999999874 : true
2018-08-06T22:18:15.533Z    * Wallet 4 : 0.018999999998614 : false
2018-08-06T22:18:15.533Z    * Wallet 1 : 0.022999999998299 : false
2018-08-06T22:18:15.534Z    * Main Wallet : 2.803999999996157 : false
2018-08-06T22:18:15.534Z    # Wallet 2 will be use
2018-08-06T22:18:17.008Z    -------------
2018-08-06T22:18:17.009Z    + Transfer request received
2018-08-06T22:18:17.009Z    * Select wallet
2018-08-06T22:18:17.009Z    * Wallet 3 : 0.01199999999874 : true
2018-08-06T22:18:17.009Z    * Wallet 2 : 0.012999999998803 : false
2018-08-06T22:18:17.009Z    * Wallet 4 : 0.018999999998614 : false
2018-08-06T22:18:17.009Z    * Wallet 1 : 0.022999999998299 : false
2018-08-06T22:18:17.010Z    * Main Wallet : 2.803999999996157 : false
2018-08-06T22:18:17.010Z    # Wallet 3 will be use
2018-08-06T22:18:21.950Z    -------------
2018-08-06T22:18:21.950Z    + Transfer request received
2018-08-06T22:18:21.950Z    * Select wallet
2018-08-06T22:18:21.951Z    * Wallet 3 : 0.01199999999874 : false
2018-08-06T22:18:21.951Z    * Wallet 2 : 0.012999999998803 : false
2018-08-06T22:18:21.951Z    * Wallet 4 : 0.018999999998614 : false
2018-08-06T22:18:21.951Z    * Wallet 1 : 0.022999999998299 : false
2018-08-06T22:18:21.952Z    * Main Wallet : 2.803999999996157 : false
2018-08-06T22:18:21.952Z    request denied, all wallets are busy.
2018-08-06T22:19:05.860Z    ---
2018-08-06T22:19:05.861Z    > Wallet 3 -> Receiver - 0.001
2018-08-06T22:19:06.138Z    ---
2018-08-06T22:19:06.138Z    > Wallet 4 -> Receiver - 0.001
2018-08-06T22:19:06.261Z    $ Wallet 3 = 0.010999999998677
2018-08-06T22:19:06.264Z    $ Wallet 2 = 0.01199999999874
2018-08-06T22:19:06.264Z    $ Wallet 4 = 0.017999999998551
2018-08-06T22:19:06.265Z    $ Main Wallet = 2.802999999996094
2018-08-06T22:19:06.271Z    $ Wallet 1 = 0.021999999998236
2018-08-06T22:19:06.365Z    ---
2018-08-06T22:19:06.365Z    > Main Wallet -> Receiver - 0.001
2018-08-06T22:19:06.371Z    ---
2018-08-06T22:19:06.371Z    > Wallet 1 -> Receiver - 0.001
2018-08-06T22:19:06.393Z    ---
2018-08-06T22:19:06.394Z    > Wallet 2 -> Receiver - 0.001
2018-08-06T22:19:06.540Z    $ Wallet 4 = 0.017999999998551
2018-08-06T22:19:06.541Z    $ Wallet 2 = 0.01199999999874
2018-08-06T22:19:06.542Z    $ Wallet 1 = 0.021999999998236
2018-08-06T22:19:06.546Z    $ Wallet 3 = 0.010999999998677
2018-08-06T22:19:06.552Z    $ Main Wallet = 2.802999999996094
2018-08-06T22:19:06.765Z    $ Main Wallet = 2.802999999996094
2018-08-06T22:19:06.765Z    $ Wallet 4 = 0.017999999998551
2018-08-06T22:19:06.766Z    $ Wallet 4 = 0.017999999998551
2018-08-06T22:19:06.767Z    $ Wallet 1 = 0.021999999998236
2018-08-06T22:19:06.768Z    $ Wallet 2 = 0.01199999999874
2018-08-06T22:19:06.769Z    $ Wallet 3 = 0.010999999998677
2018-08-06T22:19:06.769Z    $ Wallet 2 = 0.01199999999874
2018-08-06T22:19:06.775Z    $ Wallet 3 = 0.010999999998677
2018-08-06T22:19:06.775Z    $ Main Wallet = 2.802999999996094
2018-08-06T22:19:06.776Z    $ Wallet 1 = 0.021999999998236
2018-08-06T22:19:06.787Z    $ Wallet 4 = 0.017999999998551
2018-08-06T22:19:06.797Z    $ Wallet 2 = 0.01199999999874
2018-08-06T22:19:06.800Z    $ Wallet 1 = 0.021999999998236
2018-08-06T22:19:06.800Z    $ Main Wallet = 2.802999999996094
2018-08-06T22:19:06.801Z    $ Wallet 3 = 0.010999999998677
2018-08-06T22:19:30.228Z    -------------
2018-08-06T22:19:30.229Z    + Transfer request received
2018-08-06T22:19:30.229Z    * Select wallet
2018-08-06T22:19:30.229Z    * Main Wallet : 2.802999999996094 : true
2018-08-06T22:19:30.229Z    * Wallet 1 : 0.021999999998236 : true
2018-08-06T22:19:30.229Z    * Wallet 4 : 0.017999999998551 : true
2018-08-06T22:19:30.230Z    * Wallet 2 : 0.01199999999874 : true
2018-08-06T22:19:30.230Z    * Wallet 3 : 0.010999999998677 : true
2018-08-06T22:19:30.230Z    # Main Wallet will be use
2018-08-06T22:19:32.344Z    -------------
2018-08-06T22:19:32.344Z    + Transfer request received
2018-08-06T22:19:32.344Z    * Select wallet
2018-08-06T22:19:32.345Z    * Wallet 1 : 0.021999999998236 : true
2018-08-06T22:19:32.345Z    * Wallet 4 : 0.017999999998551 : true
2018-08-06T22:19:32.345Z    * Wallet 2 : 0.01199999999874 : true
2018-08-06T22:19:32.345Z    * Wallet 3 : 0.010999999998677 : true
2018-08-06T22:19:32.345Z    * Main Wallet : 2.802999999996094 : false
2018-08-06T22:19:32.345Z    # Wallet 1 will be use
2018-08-06T22:19:33.561Z    -------------
2018-08-06T22:19:33.561Z    + Transfer request received
2018-08-06T22:19:33.562Z    * Select wallet
2018-08-06T22:19:33.562Z    * Wallet 4 : 0.017999999998551 : true
2018-08-06T22:19:33.562Z    * Wallet 2 : 0.01199999999874 : true
2018-08-06T22:19:33.562Z    * Wallet 3 : 0.010999999998677 : true
2018-08-06T22:19:33.562Z    * Wallet 1 : 0.021999999998236 : false
2018-08-06T22:19:33.563Z    * Main Wallet : 2.802999999996094 : false
2018-08-06T22:19:33.563Z    # Wallet 4 will be use
2018-08-06T22:19:34.796Z    -------------
2018-08-06T22:19:34.796Z    + Transfer request received
2018-08-06T22:19:34.796Z    * Select wallet
2018-08-06T22:19:34.796Z    * Wallet 2 : 0.01199999999874 : true
2018-08-06T22:19:34.796Z    * Wallet 3 : 0.010999999998677 : true
2018-08-06T22:19:34.797Z    * Wallet 4 : 0.017999999998551 : false
2018-08-06T22:19:34.797Z    * Wallet 1 : 0.021999999998236 : false
2018-08-06T22:19:34.797Z    * Main Wallet : 2.802999999996094 : false
2018-08-06T22:19:34.797Z    # Wallet 2 will be use
2018-08-06T22:19:36.136Z    -------------
2018-08-06T22:19:36.137Z    + Transfer request received
2018-08-06T22:19:36.137Z    * Select wallet
2018-08-06T22:19:36.137Z    * Wallet 3 : 0.010999999998677 : true
2018-08-06T22:19:36.137Z    * Wallet 2 : 0.01199999999874 : false
2018-08-06T22:19:36.137Z    * Wallet 4 : 0.017999999998551 : false
2018-08-06T22:19:36.138Z    * Wallet 1 : 0.021999999998236 : false
2018-08-06T22:19:36.138Z    * Main Wallet : 2.802999999996094 : false
2018-08-06T22:19:36.138Z    # Wallet 3 will be use
2018-08-06T22:19:37.885Z    -------------
2018-08-06T22:19:37.885Z    + Transfer request received
2018-08-06T22:19:37.886Z    * Select wallet
2018-08-06T22:19:37.886Z    * Wallet 3 : 0.010999999998677 : false
2018-08-06T22:19:37.886Z    * Wallet 2 : 0.01199999999874 : false
2018-08-06T22:19:37.886Z    * Wallet 4 : 0.017999999998551 : false
2018-08-06T22:19:37.886Z    * Wallet 1 : 0.021999999998236 : false
2018-08-06T22:19:37.886Z    * Main Wallet : 2.802999999996094 : false
2018-08-06T22:19:37.887Z    request denied, all wallets are busy.
2018-08-06T22:20:21.603Z    ---
2018-08-06T22:20:21.603Z    > Wallet 2 -> Receiver - 0.001
2018-08-06T22:20:21.881Z    ---
2018-08-06T22:20:21.882Z    > Wallet 3 -> Receiver - 0.001
2018-08-06T22:20:21.958Z    ---
2018-08-06T22:20:21.958Z    > Main Wallet -> Receiver - 0.001
2018-08-06T22:20:22.000Z    $ Main Wallet = 2.801999999996031
2018-08-06T22:20:22.006Z    $ Wallet 1 = 0.020999999998173
2018-08-06T22:20:22.017Z    $ Wallet 3 = 0.009999999998614
2018-08-06T22:20:22.021Z    !!! Redistribute to Wallet 3 from MainWallet
2018-08-06T22:20:22.039Z    $ Wallet 2 = 0.010999999998677
2018-08-06T22:20:22.053Z    $ Wallet 4 = 0.016999999998488
2018-08-06T22:20:22.066Z    ---
2018-08-06T22:20:22.067Z    > Wallet 1 -> Receiver - 0.001
2018-08-06T22:20:22.252Z    ---
2018-08-06T22:20:22.253Z    > Wallet 4 -> Receiver - 0.001
2018-08-06T22:20:22.277Z    $ Wallet 4 = 0.016999999998488
2018-08-06T22:20:22.278Z    $ Main Wallet = 2.801999999996031
2018-08-06T22:20:22.279Z    $ Wallet 1 = 0.020999999998173
2018-08-06T22:20:22.286Z    $ Wallet 2 = 0.010999999998677
2018-08-06T22:20:22.298Z    $ Wallet 3 = 0.009999999998614
2018-08-06T22:20:22.354Z    $ Wallet 2 = 0.010999999998677
2018-08-06T22:20:22.362Z    $ Wallet 1 = 0.020999999998173
2018-08-06T22:20:22.363Z    $ Wallet 3 = 0.009999999998614
2018-08-06T22:20:22.368Z    $ Main Wallet = 2.801999999996031
2018-08-06T22:20:22.369Z    $ Wallet 4 = 0.016999999998488
2018-08-06T22:20:22.473Z    $ Wallet 1 = 0.020999999998173
2018-08-06T22:20:22.475Z    $ Wallet 4 = 0.016999999998488
2018-08-06T22:20:22.476Z    $ Wallet 3 = 0.009999999998614
2018-08-06T22:20:22.476Z    $ Main Wallet = 2.801999999996031
2018-08-06T22:20:22.477Z    $ Wallet 2 = 0.010999999998677
2018-08-06T22:20:22.658Z    $ Wallet 4 = 0.016999999998488
2018-08-06T22:20:22.660Z    $ Main Wallet = 2.801999999996031
2018-08-06T22:20:22.661Z    $ Wallet 3 = 0.009999999998614
2018-08-06T22:20:22.662Z    $ Wallet 1 = 0.020999999998173
2018-08-06T22:20:22.669Z    $ Wallet 2 = 0.010999999998677
2018-08-06T22:20:24.704Z    $ Wallet 3 = 0.009999999998614
2018-08-06T22:22:06.199Z    $ Wallet 3 = 0.009999999998614
2018-08-06T22:22:07.837Z    ---
2018-08-06T22:22:07.838Z    > Main Wallet -> Wallet 3 - 0.01
2018-08-06T22:22:08.222Z    $ Wallet 3 = 0.019999999998614
